{"name": "Validating the title of Register Page", "status": "broken", "statusDetails": {"message": "selenium.common.exceptions.InvalidSelectorException: Message: invalid selector: Unable to locate an element with the xpath expression Register link because of the following error:\nSyntaxError: Failed to execute 'evaluate' on 'Document': The string 'Register link' is not a valid XPath expression.\n  (Session info: chrome=102.0.5005.63)\nStacktrace:\nBacktrace:\n\tOrdinal0 [0x0048D953+2414931]\n\tOrdinal0 [0x0041F5E1+1963489]\n\tOrdinal0 [0x0030C6B8+837304]\n\tOrdinal0 [0x0030F0B4+848052]\n\tOrdinal0 [0x0030EF72+847730]\n\tOrdinal0 [0x0030F200+848384]\n\tOrdinal0 [0x00339215+1020437]\n\tOrdinal0 [0x0033979B+1021851]\n\tOrdinal0 [0x00366502+1205506]\n\tOrdinal0 [0x003544E4+1131748]\n\tOrdinal0 [0x00364812+1198098]\n\tOrdinal0 [0x003542B6+1131190]\n\tOrdinal0 [0x0032E860+976992]\n\tOrdinal0 [0x0032F756+980822]\n\tGetHandleVerifier [0x006FCC62+2510274]\n\tGetHandleVerifier [0x006EF760+2455744]\n\tGetHandleVerifier [0x0051EABA+551962]\n\tGetHandleVerifier [0x0051D916+547446]\n\tOrdinal0 [0x00425F3B+1990459]\n\tOrdinal0 [0x0042A898+2009240]\n\tOrdinal0 [0x0042A985+2009477]\n\tOrdinal0 [0x00433AD1+2046673]\n\tBaseThreadInitThunk [0x75A2FA29+25]\n\tRtlGetAppContainerNamedObjectPath [0x77767A7E+286]\n\tRtlGetAppContainerNamedObjectPath [0x77767A4E+238]\n\n", "trace": "  File \"C:\\Users\\HP\\PycharmProjects\\DieticianUIHackathon\\venv\\lib\\site-packages\\behave\\model.py\", line 1329, in run\n    match.run(runner.context)\n  File \"C:\\Users\\HP\\PycharmProjects\\DieticianUIHackathon\\venv\\lib\\site-packages\\behave\\matchers.py\", line 98, in run\n    self.func(context, *args, **kwargs)\n  File \"features\\steps\\RegisterSteps.py\", line 21, in User_clicks_Register_link\n    context.driver.find_element_by_xpath(\"Register link\").click()\n  File \"C:\\Users\\HP\\PycharmProjects\\DieticianUIHackathon\\venv\\lib\\site-packages\\selenium\\webdriver\\remote\\webdriver.py\", line 526, in find_element_by_xpath\n    return self.find_element(by=By.XPATH, value=xpath)\n  File \"C:\\Users\\HP\\PycharmProjects\\DieticianUIHackathon\\venv\\lib\\site-packages\\selenium\\webdriver\\remote\\webdriver.py\", line 1253, in find_element\n    'value': value})['value']\n  File \"C:\\Users\\HP\\PycharmProjects\\DieticianUIHackathon\\venv\\lib\\site-packages\\selenium\\webdriver\\remote\\webdriver.py\", line 430, in execute\n    self.error_handler.check_response(response)\n  File \"C:\\Users\\HP\\PycharmProjects\\DieticianUIHackathon\\venv\\lib\\site-packages\\selenium\\webdriver\\remote\\errorhandler.py\", line 247, in check_response\n    raise exception_class(message, screen, stacktrace)\n"}, "steps": [{"name": "Given User is on Dietician website", "status": "passed", "start": 1655237941109, "stop": 1655237947986}, {"name": "When User clicks Register link", "status": "broken", "statusDetails": {"message": "selenium.common.exceptions.InvalidSelectorException: Message: invalid selector: Unable to locate an element with the xpath expression Register link because of the following error:\nSyntaxError: Failed to execute 'evaluate' on 'Document': The string 'Register link' is not a valid XPath expression.\n  (Session info: chrome=102.0.5005.63)\nStacktrace:\nBacktrace:\n\tOrdinal0 [0x0048D953+2414931]\n\tOrdinal0 [0x0041F5E1+1963489]\n\tOrdinal0 [0x0030C6B8+837304]\n\tOrdinal0 [0x0030F0B4+848052]\n\tOrdinal0 [0x0030EF72+847730]\n\tOrdinal0 [0x0030F200+848384]\n\tOrdinal0 [0x00339215+1020437]\n\tOrdinal0 [0x0033979B+1021851]\n\tOrdinal0 [0x00366502+1205506]\n\tOrdinal0 [0x003544E4+1131748]\n\tOrdinal0 [0x00364812+1198098]\n\tOrdinal0 [0x003542B6+1131190]\n\tOrdinal0 [0x0032E860+976992]\n\tOrdinal0 [0x0032F756+980822]\n\tGetHandleVerifier [0x006FCC62+2510274]\n\tGetHandleVerifier [0x006EF760+2455744]\n\tGetHandleVerifier [0x0051EABA+551962]\n\tGetHandleVerifier [0x0051D916+547446]\n\tOrdinal0 [0x00425F3B+1990459]\n\tOrdinal0 [0x0042A898+2009240]\n\tOrdinal0 [0x0042A985+2009477]\n\tOrdinal0 [0x00433AD1+2046673]\n\tBaseThreadInitThunk [0x75A2FA29+25]\n\tRtlGetAppContainerNamedObjectPath [0x77767A7E+286]\n\tRtlGetAppContainerNamedObjectPath [0x77767A4E+238]\n\n", "trace": "  File \"C:\\Users\\HP\\PycharmProjects\\DieticianUIHackathon\\venv\\lib\\site-packages\\behave\\model.py\", line 1329, in run\n    match.run(runner.context)\n  File \"C:\\Users\\HP\\PycharmProjects\\DieticianUIHackathon\\venv\\lib\\site-packages\\behave\\matchers.py\", line 98, in run\n    self.func(context, *args, **kwargs)\n  File \"features\\steps\\RegisterSteps.py\", line 21, in User_clicks_Register_link\n    context.driver.find_element_by_xpath(\"Register link\").click()\n  File \"C:\\Users\\HP\\PycharmProjects\\DieticianUIHackathon\\venv\\lib\\site-packages\\selenium\\webdriver\\remote\\webdriver.py\", line 526, in find_element_by_xpath\n    return self.find_element(by=By.XPATH, value=xpath)\n  File \"C:\\Users\\HP\\PycharmProjects\\DieticianUIHackathon\\venv\\lib\\site-packages\\selenium\\webdriver\\remote\\webdriver.py\", line 1253, in find_element\n    'value': value})['value']\n  File \"C:\\Users\\HP\\PycharmProjects\\DieticianUIHackathon\\venv\\lib\\site-packages\\selenium\\webdriver\\remote\\webdriver.py\", line 430, in execute\n    self.error_handler.check_response(response)\n  File \"C:\\Users\\HP\\PycharmProjects\\DieticianUIHackathon\\venv\\lib\\site-packages\\selenium\\webdriver\\remote\\errorhandler.py\", line 247, in check_response\n    raise exception_class(message, screen, stacktrace)\n"}, "start": 1655237947987, "stop": 1655237948025}, {"name": "Then user lands on Sign up page", "status": "skipped", "start": 1655237948026, "stop": 1655237948026}], "start": 1655237941107, "stop": 1655237948026, "uuid": "4eff5156-ce63-40b5-867f-d0c78cc9f44b", "historyId": "827e2de7ea2061fd1109cf61398dfe47", "fullName": "Dietician Website Register Page: Validating the title of Register Page", "labels": [{"name": "severity", "value": "normal"}, {"name": "feature", "value": "Dietician Website Register Page"}, {"name": "framework", "value": "behave"}, {"name": "language", "value": "cpython3"}]}